'jacob.salazar@uwaterloo.ca','SOC406','Creative Arts Session','A scientific method overview to understand and apply the scientific method.','2024-05-07 11:15:00','90','3','E34109'
'deborah.simpson@uwaterloo.ca','SOC406','Creative Arts Session','A scientific method overview to understand and apply the scientific method.','2024-05-07 11:15:00','90','3','E34109'
'evelyn.ellis@uwaterloo.ca','SOC406','Creative Arts Session','A scientific method overview to understand and apply the scientific method.','2024-05-07 11:15:00','90','3','E34109'
'andrew.jordan@uwaterloo.ca','SOC406','Creative Arts Session','A scientific method overview to understand and apply the scientific method.','2024-05-07 11:15:00','90','3','E34109'
'lawrence.ortiz@uwaterloo.ca','SOC406','Creative Arts Session','A scientific method overview to understand and apply the scientific method.','2024-05-07 11:15:00','90','3','E34109'
'kelly.brooks@uwaterloo.ca','SOC406','Creative Arts Session','A scientific method overview to understand and apply the scientific method.','2024-05-07 11:15:00','90','3','E34109'
'madison.evans@uwaterloo.ca','SOC406','Creative Arts Session','A scientific method overview to understand and apply the scientific method.','2024-05-07 11:15:00','90','3','E34109'
'ethan.white@uwaterloo.ca','SOC406','Creative Arts Session','A scientific method overview to understand and apply the scientific method.','2024-05-07 11:15:00','90','3','E34109'
'susan.rivera@uwaterloo.ca','SOC406','Creative Arts Session','A scientific method overview to understand and apply the scientific method.','2024-05-07 11:15:00','90','3','E34109'
'aaron.peterson@uwaterloo.ca','SOC406','Creative Arts Session','A scientific method overview to understand and apply the scientific method.','2024-05-07 11:15:00','90','3','E34109'
'benjamin.simmons@uwaterloo.ca','SOC406','Creative Arts Session','A scientific method overview to understand and apply the scientific method.','2024-05-07 11:15:00','90','3','E34109'
'amanda.king@uwaterloo.ca','SOC406','Creative Arts Session','A scientific method overview to understand and apply the scientific method.','2024-05-07 11:15:00','90','3','E34109'
'bobby.olson@uwaterloo.ca','SOC406','Creative Arts Session','A scientific method overview to understand and apply the scientific method.','2024-05-07 11:15:00','90','3','E34109'
'kathleen.meyer@uwaterloo.ca','SOC406','Creative Arts Session','A scientific method overview to understand and apply the scientific method.','2024-05-07 11:15:00','90','3','E34109'
'karen.ferguson@uwaterloo.ca','SOC406','Creative Arts Session','A scientific method overview to understand and apply the scientific method.','2024-05-07 11:15:00','90','3','E34109'
'bryan.adams@uwaterloo.ca','SOC406','Creative Arts Session','A scientific method overview to understand and apply the scientific method.','2024-05-07 11:15:00','90','3','E34109'
'philip.vargas@uwaterloo.ca','SOC406','Creative Arts Session','A scientific method overview to understand and apply the scientific method.','2024-05-07 11:15:00','90','3','E34109'
'leonard.collins@uwaterloo.ca','SOC406','Creative Arts Session','A scientific method overview to understand and apply the scientific method.','2024-05-07 11:15:00','90','3','E34109'
'kevin.kim@uwaterloo.ca','SOC406','Creative Arts Session','A scientific method overview to understand and apply the scientific method.','2024-05-07 11:15:00','90','3','E34109'
'noah.campbell@uwaterloo.ca','SOC406','Creative Arts Session','A scientific method overview to understand and apply the scientific method.','2024-05-07 11:15:00','90','3','E34109'
'paul.bryant@uwaterloo.ca','SOC406','Creative Arts Session','A scientific method overview to understand and apply the scientific method.','2024-05-07 11:15:00','90','3','E34109'
'vincent.cruz@uwaterloo.ca','SOC406','Creative Arts Session','A scientific method overview to understand and apply the scientific method.','2024-05-07 11:15:00','90','3','E34109'
'lori.wells@uwaterloo.ca','SOC406','Creative Arts Session','A scientific method overview to understand and apply the scientific method.','2024-05-07 11:15:00','90','3','E34109'
'harold.silva@uwaterloo.ca','SOC406','Creative Arts Session','A scientific method overview to understand and apply the scientific method.','2024-05-07 11:15:00','90','3','E34109'
'jessica.ryan@uwaterloo.ca','SOC406','Creative Arts Session','A scientific method overview to understand and apply the scientific method.','2024-05-07 11:15:00','90','3','E34109'
'michael.tran@uwaterloo.ca','SOC406','Creative Arts Session','A scientific method overview to understand and apply the scientific method.','2024-05-07 11:15:00','90','3','E34109'
'marilyn.romero@uwaterloo.ca','SOC406','Creative Arts Session','A scientific method overview to understand and apply the scientific method.','2024-05-07 11:15:00','90','3','E34109'
'benjamin.perry@uwaterloo.ca','SOC406','Creative Arts Session','A scientific method overview to understand and apply the scientific method.','2024-05-07 11:15:00','90','3','E34109'
'gabriel.cole@uwaterloo.ca','SOC406','Creative Arts Session','A scientific method overview to understand and apply the scientific method.','2024-05-07 11:15:00','90','3','E34109'
'ann.ortiz@uwaterloo.ca','SOC406','Creative Arts Session','A scientific method overview to understand and apply the scientific method.','2024-05-07 11:15:00','90','3','E34109'
'peter.mitchell@uwaterloo.ca','SOC406','Creative Arts Session','A scientific method overview to understand and apply the scientific method.','2024-05-07 11:15:00','90','3','E34109'
'dylan.ferguson@uwaterloo.ca','SOC406','Creative Arts Session','A scientific method overview to understand and apply the scientific method.','2024-05-07 11:15:00','90','3','E34109'
'michael.kim@uwaterloo.ca','SOC406','Creative Arts Session','A scientific method overview to understand and apply the scientific method.','2024-05-07 11:15:00','90','3','E34109'
'marilyn.murray@uwaterloo.ca','SOC406','Creative Arts Session','A scientific method overview to understand and apply the scientific method.','2024-05-07 11:15:00','90','3','E34109'
'kevin.butler@uwaterloo.ca','SOC406','Creative Arts Session','A scientific method overview to understand and apply the scientific method.','2024-05-07 11:15:00','90','3','E34109'
'aaron.ross@uwaterloo.ca','SOC406','Creative Arts Session','A scientific method overview to understand and apply the scientific method.','2024-05-07 11:15:00','90','3','E34109'
'julia.romero@uwaterloo.ca','SOC406','Creative Arts Session','A scientific method overview to understand and apply the scientific method.','2024-05-07 11:15:00','90','3','E34109'
'joshua.hamilton@uwaterloo.ca','SOC406','Creative Arts Session','A scientific method overview to understand and apply the scientific method.','2024-05-07 11:15:00','90','3','E34109'
'patrick.wallace@uwaterloo.ca','SOC406','Creative Arts Session','A scientific method overview to understand and apply the scientific method.','2024-05-07 11:15:00','90','3','E34109'
'amber.edwards@uwaterloo.ca','SOC406','Creative Arts Session','A scientific method overview to understand and apply the scientific method.','2024-05-07 11:15:00','90','3','E34109'
'juan.murray@uwaterloo.ca','SOC406','Creative Arts Session','A scientific method overview to understand and apply the scientific method.','2024-05-07 11:15:00','90','3','E34109'
'zachary.vasquez@uwaterloo.ca','SOC406','Creative Arts Session','A scientific method overview to understand and apply the scientific method.','2024-05-07 11:15:00','90','3','E34109'
'ralph.alvarez@uwaterloo.ca','SOC406','Creative Arts Session','A scientific method overview to understand and apply the scientific method.','2024-05-07 11:15:00','90','3','E34109'
'jordan.ryan@uwaterloo.ca','SOC406','Creative Arts Session','A scientific method overview to understand and apply the scientific method.','2024-05-07 11:15:00','90','3','E34109'
'mary.campbell@uwaterloo.ca','SOC406','Creative Arts Session','A scientific method overview to understand and apply the scientific method.','2024-05-07 11:15:00','90','3','E34109'
'michelle.nguyen@uwaterloo.ca','SOC406','Creative Arts Session','A scientific method overview to understand and apply the scientific method.','2024-05-07 11:15:00','90','3','E34109'
'margaret.williams@uwaterloo.ca','SOC406','Creative Arts Session','A scientific method overview to understand and apply the scientific method.','2024-05-07 11:15:00','90','3','E34109'
'theresa.aguilar@uwaterloo.ca','SOC406','Creative Arts Session','A scientific method overview to understand and apply the scientific method.','2024-05-07 11:15:00','90','3','E34109'
'andrea.williams@uwaterloo.ca','SOC406','Creative Arts Session','A scientific method overview to understand and apply the scientific method.','2024-05-07 11:15:00','90','3','E34109'
'wayne.guzman@uwaterloo.ca','SOC406','Creative Arts Session','A scientific method overview to understand and apply the scientific method.','2024-05-07 11:15:00','90','3','E34109'
'brian.ford@uwaterloo.ca','SOC406','Creative Arts Session','A scientific method overview to understand and apply the scientific method.','2024-05-07 11:15:00','90','3','E34109'
'doris.snyder@uwaterloo.ca','SOC406','Creative Arts Session','A scientific method overview to understand and apply the scientific method.','2024-05-07 11:15:00','90','3','E34109'
'rebecca.taylor@uwaterloo.ca','SOC406','Creative Arts Session','A scientific method overview to understand and apply the scientific method.','2024-05-07 11:15:00','90','3','E34109'
'catherine.brooks@uwaterloo.ca','SOC406','Creative Arts Session','A scientific method overview to understand and apply the scientific method.','2024-05-07 11:15:00','90','3','E34109'
'beverly.sanchez@uwaterloo.ca','SOC406','Creative Arts Session','A scientific method overview to understand and apply the scientific method.','2024-05-07 11:15:00','90','3','E34109'
