'john.lewis@uwaterloo.ca','NE335','Data Interpretation','A review of the chapter with a focus on key takeaways and applications.','2024-05-02 13:10:00','15','8','RCH1133'
'stanley.nichols@uwaterloo.ca','NE335','Data Interpretation','A review of the chapter with a focus on key takeaways and applications.','2024-05-02 13:10:00','15','8','RCH1133'
'heather.holmes@uwaterloo.ca','NE335','Data Interpretation','A review of the chapter with a focus on key takeaways and applications.','2024-05-02 13:10:00','15','8','RCH1133'
'roy.campbell@uwaterloo.ca','NE335','Data Interpretation','A review of the chapter with a focus on key takeaways and applications.','2024-05-02 13:10:00','15','8','RCH1133'
'laura.moore@uwaterloo.ca','NE335','Data Interpretation','A review of the chapter with a focus on key takeaways and applications.','2024-05-02 13:10:00','15','8','RCH1133'
'virginia.hill@uwaterloo.ca','NE335','Data Interpretation','A review of the chapter with a focus on key takeaways and applications.','2024-05-02 13:10:00','15','8','RCH1133'
'austin.myers@uwaterloo.ca','NE335','Data Interpretation','A review of the chapter with a focus on key takeaways and applications.','2024-05-02 13:10:00','15','8','RCH1133'
'sandra.taylor@uwaterloo.ca','NE335','Data Interpretation','A review of the chapter with a focus on key takeaways and applications.','2024-05-02 13:10:00','15','8','RCH1133'
'deborah.scott@uwaterloo.ca','NE335','Data Interpretation','A review of the chapter with a focus on key takeaways and applications.','2024-05-02 13:10:00','15','8','RCH1133'
'judith.martin@uwaterloo.ca','NE335','Data Interpretation','A review of the chapter with a focus on key takeaways and applications.','2024-05-02 13:10:00','15','8','RCH1133'
'brian.myers@uwaterloo.ca','NE335','Data Interpretation','A review of the chapter with a focus on key takeaways and applications.','2024-05-02 13:10:00','15','8','RCH1133'
'david.rogers@uwaterloo.ca','NE335','Data Interpretation','A review of the chapter with a focus on key takeaways and applications.','2024-05-02 13:10:00','15','8','RCH1133'
'rose.sanders@uwaterloo.ca','NE335','Data Interpretation','A review of the chapter with a focus on key takeaways and applications.','2024-05-02 13:10:00','15','8','RCH1133'
'albert.graham@uwaterloo.ca','NE335','Data Interpretation','A review of the chapter with a focus on key takeaways and applications.','2024-05-02 13:10:00','15','8','RCH1133'
'billy.tucker@uwaterloo.ca','NE335','Data Interpretation','A review of the chapter with a focus on key takeaways and applications.','2024-05-02 13:10:00','15','8','RCH1133'
'richard.daniels@uwaterloo.ca','NE335','Data Interpretation','A review of the chapter with a focus on key takeaways and applications.','2024-05-02 13:10:00','15','8','RCH1133'
'jesse.ford@uwaterloo.ca','NE335','Data Interpretation','A review of the chapter with a focus on key takeaways and applications.','2024-05-02 13:10:00','15','8','RCH1133'
'brenda.kennedy@uwaterloo.ca','NE335','Data Interpretation','A review of the chapter with a focus on key takeaways and applications.','2024-05-02 13:10:00','15','8','RCH1133'
'ann.cox@uwaterloo.ca','NE335','Data Interpretation','A review of the chapter with a focus on key takeaways and applications.','2024-05-02 13:10:00','15','8','RCH1133'
'sophia.cruz@uwaterloo.ca','NE335','Data Interpretation','A review of the chapter with a focus on key takeaways and applications.','2024-05-02 13:10:00','15','8','RCH1133'
'alan.green@uwaterloo.ca','NE335','Data Interpretation','A review of the chapter with a focus on key takeaways and applications.','2024-05-02 13:10:00','15','8','RCH1133'
'andrew.smith@uwaterloo.ca','NE335','Data Interpretation','A review of the chapter with a focus on key takeaways and applications.','2024-05-02 13:10:00','15','8','RCH1133'
'walter.schmidt@uwaterloo.ca','NE335','Data Interpretation','A review of the chapter with a focus on key takeaways and applications.','2024-05-02 13:10:00','15','8','RCH1133'
'melissa.jimenez@uwaterloo.ca','NE335','Data Interpretation','A review of the chapter with a focus on key takeaways and applications.','2024-05-02 13:10:00','15','8','RCH1133'
'barbara.evans@uwaterloo.ca','NE335','Data Interpretation','A review of the chapter with a focus on key takeaways and applications.','2024-05-02 13:10:00','15','8','RCH1133'
'robert.scott@uwaterloo.ca','NE335','Data Interpretation','A review of the chapter with a focus on key takeaways and applications.','2024-05-02 13:10:00','15','8','RCH1133'
'denise.guzman@uwaterloo.ca','NE335','Data Interpretation','A review of the chapter with a focus on key takeaways and applications.','2024-05-02 13:10:00','15','8','RCH1133'
'adam.green@uwaterloo.ca','NE335','Data Interpretation','A review of the chapter with a focus on key takeaways and applications.','2024-05-02 13:10:00','15','8','RCH1133'
'harry.harrison@uwaterloo.ca','NE335','Data Interpretation','A review of the chapter with a focus on key takeaways and applications.','2024-05-02 13:10:00','15','8','RCH1133'
'peter.white@uwaterloo.ca','NE335','Data Interpretation','A review of the chapter with a focus on key takeaways and applications.','2024-05-02 13:10:00','15','8','RCH1133'
'isabella.johnson@uwaterloo.ca','NE335','Data Interpretation','A review of the chapter with a focus on key takeaways and applications.','2024-05-02 13:10:00','15','8','RCH1133'
'mark.torres@uwaterloo.ca','NE335','Data Interpretation','A review of the chapter with a focus on key takeaways and applications.','2024-05-02 13:10:00','15','8','RCH1133'
'bruce.moore@uwaterloo.ca','NE335','Data Interpretation','A review of the chapter with a focus on key takeaways and applications.','2024-05-02 13:10:00','15','8','RCH1133'
'david.freeman@uwaterloo.ca','NE335','Data Interpretation','A review of the chapter with a focus on key takeaways and applications.','2024-05-02 13:10:00','15','8','RCH1133'
'sara.stephens@uwaterloo.ca','NE335','Data Interpretation','A review of the chapter with a focus on key takeaways and applications.','2024-05-02 13:10:00','15','8','RCH1133'
'gerald.richardson@uwaterloo.ca','NE335','Data Interpretation','A review of the chapter with a focus on key takeaways and applications.','2024-05-02 13:10:00','15','8','RCH1133'
'anthony.bennett@uwaterloo.ca','NE335','Data Interpretation','A review of the chapter with a focus on key takeaways and applications.','2024-05-02 13:10:00','15','8','RCH1133'
'martha.davis@uwaterloo.ca','NE335','Data Interpretation','A review of the chapter with a focus on key takeaways and applications.','2024-05-02 13:10:00','15','8','RCH1133'
'gloria.holmes@uwaterloo.ca','NE335','Data Interpretation','A review of the chapter with a focus on key takeaways and applications.','2024-05-02 13:10:00','15','8','RCH1133'
'frank.thomas@uwaterloo.ca','NE335','Data Interpretation','A review of the chapter with a focus on key takeaways and applications.','2024-05-02 13:10:00','15','8','RCH1133'
'lisa.baker@uwaterloo.ca','NE335','Data Interpretation','A review of the chapter with a focus on key takeaways and applications.','2024-05-02 13:10:00','15','8','RCH1133'
'janice.cook@uwaterloo.ca','NE335','Data Interpretation','A review of the chapter with a focus on key takeaways and applications.','2024-05-02 13:10:00','15','8','RCH1133'
'denise.nichols@uwaterloo.ca','NE335','Data Interpretation','A review of the chapter with a focus on key takeaways and applications.','2024-05-02 13:10:00','15','8','RCH1133'
'julie.watson@uwaterloo.ca','NE335','Data Interpretation','A review of the chapter with a focus on key takeaways and applications.','2024-05-02 13:10:00','15','8','RCH1133'
'megan.foster@uwaterloo.ca','NE335','Data Interpretation','A review of the chapter with a focus on key takeaways and applications.','2024-05-02 13:10:00','15','8','RCH1133'
'jose.hernandez@uwaterloo.ca','NE335','Data Interpretation','A review of the chapter with a focus on key takeaways and applications.','2024-05-02 13:10:00','15','8','RCH1133'
'harry.torres1@uwaterloo.ca','NE335','Data Interpretation','A review of the chapter with a focus on key takeaways and applications.','2024-05-02 13:10:00','15','8','RCH1133'
