'1','ARCH260','Problem Solving Session','This session will help you stay on top of the course content.','2024-05-07 10:10:00','90','1','9','QNC1179'
'4','OPTOM248','Lab Review','This session will cover key concepts and prepare you for the upcoming exams.','2024-05-30 08:25:00','45','3','24','HH3667'
'5','GBDA304','Lab Review','Join your peers for a group study session.','2024-06-06 23:10:00','30','4','172','HH3865'
'6','THPERF300','Lecture Recap','This study session will help reinforce your understanding of the lectures.','2024-06-12 00:20:00','15','4','101','E32233'
'7','AE224','Final Exam Study Session','Get help with your homework and assignments in this session.','2024-06-04 07:55:00','90','5','49','EIT3104'
'9','NE380L','Review Session','This study session will help reinforce your understanding of the lectures.','2024-06-07 05:10:00','60','5','143','STC4462'
'13','LAT491','Lecture Recap','This session will help you stay on top of the course content.','2024-06-14 13:50:00','30','1','126','STC1435'
'19','SCI238','Lecture Recap','This session will help you stay on top of the course content.','2024-06-07 14:35:00','120','2','167','PAS3970'
'20','JS209','Final Exam Study Session','This session will help you stay on top of the course content.','2024-06-21 11:05:00','30','5','79','QNC3058'
'30','RS358','Lab Review','This study session will help reinforce your understanding of the lectures.','2024-06-24 11:55:00','45','1','169','DC1511'
'33','AMATH251','Homework Help','This study session will help reinforce your understanding of the lectures.','2024-07-16 03:15:00','120','2','80','SLC1743'
'40','CS106','Lecture Recap','Improve your problem-solving skills with this focused session.','2024-07-30 10:35:00','120','5','200','STC1554'
'42','FR484','Final Exam Study Session','Get help with your homework and assignments in this session.','2024-07-11 06:00:00','120','3','21','E34192'
'66','FINE112','Homework Help','This study session will help reinforce your understanding of the lectures.','2024-07-05 17:10:00','15','3','84','E21879'
'69','PHARM374','Review Session','This session will help you stay on top of the course content.','2024-07-19 11:55:00','60','5','176','STC2357'
'70','ENGL230','Lab Review','This study session will help reinforce your understanding of the lectures.','2024-07-17 21:45:00','15','3','93','E22389'
'71','SOC346','Course Overview','We\'ll go over important topics and answer any questions you may have.','2024-06-06 02:25:00','30','3','84','STC1920'
'72','LS386','Lab Review','This session will cover key concepts and prepare you for the upcoming exams.','2024-05-05 18:45:00','60','3','26','EIT1990'
'97','GEOG371','Homework Help','This study session will help reinforce your understanding of the lectures.','2024-07-02 00:20:00','60','4','22','EV12295'
'99','HIST224','Course Overview','This session will help you stay on top of the course content.','2024-05-22 22:55:00','60','3','166','CPH3395'
'100','INDG390','Group Study','Prepare for the midterm/final with this detailed review session.','2024-08-01 05:30:00','30','2','101','STC1965'
'103','MATH115','Lab Review','This session will cover key concepts and prepare you for the upcoming exams.','2024-08-16 12:20:00','90','5','94','EIT1879'
'122','PSCI302','Final Exam Study Session','Get help with your homework and assignments in this session.','2024-08-13 16:40:00','45','4','102','CPH3389'
'125','GER298','Review Session','Get help with your homework and assignments in this session.','2024-06-04 05:55:00','120','2','179','E71900'
'133','GER331','Course Overview','This session will help you stay on top of the course content.','2024-08-14 21:10:00','120','2','172','RCH4136'
'134','COMMST499A','Review Session','This study session will help reinforce your understanding of the lectures.','2024-08-14 23:05:00','15','3','139','EV12539'
'141','ENVE224','Review Session','This session will help you stay on top of the course content.','2024-05-11 07:40:00','45','5','11','EV32102'
'143','NE455B','Homework Help','This study session will help reinforce your understanding of the lectures.','2024-07-18 19:55:00','30','4','115','SLC3445'
'156','GBDA306','Homework Help','Get help with your homework and assignments in this session.','2024-06-21 06:05:00','120','3','137','HH3153'
'168','PSCI259','Lab Review','Prepare for the midterm/final with this detailed review session.','2024-07-09 15:30:00','60','2','132','RCH3488'
'169','PSCI463','Problem Solving Session','Get help with your homework and assignments in this session.','2024-05-30 05:20:00','45','1','42','BMH4096'
'175','ENGL410','Midterm Review','This study session will help reinforce your understanding of the lectures.','2024-06-18 13:40:00','90','5','58','EV21316'
'180','GENE21M','Lab Review','This session will help you stay on top of the course content.','2024-05-24 10:50:00','90','3','35','AL1395'
'181','CO431','Lab Review','This session will cover key concepts and prepare you for the upcoming exams.','2024-08-14 19:20:00','120','4','79','OPT3656'
'198','PHIL329','Lab Review','Join your peers for a group study session.','2024-05-09 20:05:00','45','3','21','EV33419'
'205','ENVE392','Final Exam Study Session','Get help with your homework and assignments in this session.','2024-06-14 13:40:00','15','2','187','E24461'
'207','SWREN331R','Exam Preparation','Get help with your homework and assignments in this session.','2024-07-07 00:55:00','15','5','184','EV11615'
'216','THPERF374','Homework Help','This session will help you stay on top of the course content.','2024-07-03 00:40:00','15','3','141','HH1457'
'219','AVIA417','Exam Preparation','This study session will help reinforce your understanding of the lectures.','2024-05-28 19:50:00','120','2','13','HH4384'
'220','SDS425R','Lecture Recap','Improve your problem-solving skills with this focused session.','2024-08-01 23:40:00','30','2','121','STC2757'
'221','HLTH101','Lab Review','Join us for a comprehensive review of the course material.','2024-06-02 16:30:00','30','3','132','OPT1448'
'222','SDS431R','Final Exam Study Session','This session will help you stay on top of the course content.','2024-07-27 22:05:00','15','1','181','MC3167'
'224','CIVE115','Lab Review','We\'ll go over important topics and answer any questions you may have.','2024-06-08 03:00:00','90','1','137','EV21648'
'226','BIOL490C','Final Exam Study Session','This session will help you stay on top of the course content.','2024-06-11 04:15:00','15','2','190','E13210'
'234','BET430','Lab Review','We\'ll go over important topics and answer any questions you may have.','2024-06-12 17:30:00','60','2','92','AL3395'
'235','PSYCH487','Midterm Review','Get help with your homework and assignments in this session.','2024-05-11 21:55:00','90','4','101','EV33974'
'243','REC230','Course Overview','This study session will help reinforce your understanding of the lectures.','2024-05-05 18:05:00','120','1','128','AL3503'
'245','STAT444','Final Exam Study Session','This study session will help reinforce your understanding of the lectures.','2024-06-15 07:40:00','120','2','83','SLC2382'
'246','PSCI405','Homework Help','This session will help you stay on top of the course content.','2024-07-08 13:10:00','15','3','181','E12229'
'248','SOC224R','Lab Review','This study session will help reinforce your understanding of the lectures.','2024-08-13 10:05:00','15','5','134','EIT2750'
'250','APPLS306R','Course Overview','This study session will help reinforce your understanding of the lectures.','2024-05-27 04:35:00','60','2','120','ML3001'
'261','PHARM472','Group Study','This study session will help reinforce your understanding of the lectures.','2024-08-04 03:15:00','15','3','121','E71695'
'271','PHIL482','Lab Review','We\'ll go over important topics and answer any questions you may have.','2024-05-22 13:30:00','30','2','116','EIT2218'
'281','CO471','Problem Solving Session','This study session will help reinforce your understanding of the lectures.','2024-07-25 11:50:00','15','2','168','E63113'
'285','SCI396','Lab Review','This session will help you stay on top of the course content.','2024-06-30 05:00:00','90','5','76','OPT1281'
'289','ENVE499','Midterm Review','This study session will help reinforce your understanding of the lectures.','2024-05-29 02:40:00','45','1','96','EV33286'
'292','ME562','Group Study','This session will help you stay on top of the course content.','2024-06-05 23:45:00','90','4','111','ML3973'
'295','AFM448','Review Session','This session will help you stay on top of the course content.','2024-06-25 11:15:00','120','5','58','EV11695'
'310','ECE475','Lab Review','We\'ll go over important topics and answer any questions you may have.','2024-07-20 09:30:00','60','3','137','CPH3302'
'313','PSYCH307','Lab Review','Join your peers for a group study session.','2024-05-12 19:20:00','60','2','48','E22575'
'314','PSYCH393','Lecture Recap','Get help with your homework and assignments in this session.','2024-08-04 08:50:00','120','3','133','QNC1658'
'315','SDS311R','Lab Review','This study session will help reinforce your understanding of the lectures.','2024-06-18 02:20:00','30','4','61','E22604'
'321','GBDA465','Exam Preparation','This session will help you stay on top of the course content.','2024-05-24 18:05:00','15','3','77','EIT3285'
'328','HRTS101','Lecture Recap','This study session will help reinforce your understanding of the lectures.','2024-07-15 04:45:00','45','1','145','EIT3274'
'329','FR151','Problem Solving Session','This session will help you stay on top of the course content.','2024-07-27 15:35:00','15','4','24','EV31082'
'341','SOC223R','Final Exam Study Session','This study session will help reinforce your understanding of the lectures.','2024-06-27 04:35:00','30','4','32','DC4037'
'342','SWREN424R','Lab Review','We\'ll work through lab exercises and discuss key points.','2024-06-08 23:40:00','30','2','1','PAS3798'
'344','SOC305','Course Overview','Get help with your homework and assignments in this session.','2024-05-24 17:05:00','120','1','141','SLC1806'
'350','RS218','Exam Preparation','This study session will help reinforce your understanding of the lectures.','2024-07-25 07:00:00','90','1','118','CPH1091'
'351','CHEM495','Exam Preparation','This session will help you stay on top of the course content.','2024-07-27 19:20:00','15','3','159','EIT1109'
'353','AFM463','Homework Help','This study session will help reinforce your understanding of the lectures.','2024-08-05 13:25:00','120','3','116','E54119'
'354','CLAS252','Lab Review','Get help with your homework and assignments in this session.','2024-07-19 19:35:00','120','1','18','E32693'
'361','MATH211','Lab Review','We\'ll go over important topics and answer any questions you may have.','2024-05-11 15:25:00','120','5','23','BMH1522'
'363','ERS318','Group Study','Get help with your homework and assignments in this session.','2024-06-26 11:55:00','90','5','156','OPT2716'
'369','FR192A','Lab Review','Improve your problem-solving skills with this focused session.','2024-05-07 08:30:00','15','1','163','CPH1066'
'376','SOC342','Lecture Recap','This study session will help reinforce your understanding of the lectures.','2024-05-01 05:40:00','120','5','156','E32273'
'386','SOC229','Lecture Recap','This study session will help reinforce your understanding of the lectures.','2024-08-08 19:50:00','90','2','26','BMH1596'
'394','AVIA101','Exam Preparation','This session will help you stay on top of the course content.','2024-06-03 20:10:00','45','3','189','DC1251'
'398','KIN305','Lecture Recap','This study session will help reinforce your understanding of the lectures.','2024-06-24 14:05:00','45','2','127','AL2189'
'408','CS487','Lab Review','Get help with your homework and assignments in this session.','2024-06-07 22:00:00','15','4','164','EV12866'
'415','ME452','Group Study','This study session will help reinforce your understanding of the lectures.','2024-08-15 19:55:00','15','1','5','OPT4171'
'417','SOC404','Final Exam Study Session','This session will help you stay on top of the course content.','2024-05-22 20:10:00','15','4','152','MC2667'
'419','CHEM240','Lab Review','We\'ll work through lab exercises and discuss key points.','2024-06-22 16:30:00','90','3','151','QNC4182'
'426','GER261','Midterm Review','This session will help you stay on top of the course content.','2024-08-14 17:25:00','45','2','91','E12056'
'431','AFM132','Problem Solving Session','This session will help you stay on top of the course content.','2024-06-26 23:15:00','45','3','81','E24175'
'436','NE343','Final Exam Study Session','This study session will help reinforce your understanding of the lectures.','2024-05-19 20:25:00','90','3','1','QNC1843'
'444','SDS355R','Lab Review','This session will cover key concepts and prepare you for the upcoming exams.','2024-06-02 22:30:00','60','2','7','E33817'
'448','BLKST203','Group Study','This study session will help reinforce your understanding of the lectures.','2024-05-08 10:50:00','45','1','92','EIT4297'
'449','RS420R','Problem Solving Session','This study session will help reinforce your understanding of the lectures.','2024-07-29 06:00:00','60','3','196','QNC1580'
'450','RS123','Group Study','Get help with your homework and assignments in this session.','2024-06-01 06:55:00','30','5','163','RCH3869'
'453','MSE200A','Final Exam Study Session','Get help with your homework and assignments in this session.','2024-05-09 20:00:00','60','1','25','RCH4022'
'468','CHEM331','Lab Review','Improve your problem-solving skills with this focused session.','2024-06-20 00:10:00','15','5','29','PAS1705'
'472','ECON381','Final Exam Study Session','This study session will help reinforce your understanding of the lectures.','2024-07-31 22:10:00','15','5','81','SLC2253'
'474','RS101','Exam Preparation','This study session will help reinforce your understanding of the lectures.','2024-08-01 00:50:00','15','2','150','OPT2049'
'482','ECE463','Lab Review','This session will help you stay on top of the course content.','2024-08-07 08:55:00','30','3','165','OPT2160'
'483','ARTS122','Final Exam Study Session','This session will help you stay on top of the course content.','2024-08-14 14:40:00','30','3','66','STC3158'
'484','MSE401','Problem Solving Session','This study session will help reinforce your understanding of the lectures.','2024-07-07 22:40:00','45','5','170','CPH1617'
'493','SDS421R','Final Exam Study Session','Get help with your homework and assignments in this session.','2024-06-08 04:15:00','30','1','112','E31631'
'498','JAPAN301R','Lecture Recap','This session will help you stay on top of the course content.','2024-07-01 17:05:00','30','2','90','RCH1146'
