'11','RS361','Problem Solving Session','Prepare for the midterm/final with this detailed review session.','2024-06-13 02:25:00','15','10','164','RCH4290'
'62','BUS472W','Problem Solving Session','This study session will help reinforce your understanding of the lectures.','2024-06-25 15:55:00','30','10','20','E64058'
'65','ARTS111','Exam Preparation','Improve your problem-solving skills with this focused session.','2024-05-15 10:30:00','45','10','187','DC3672'
'78','DAC202','Group Study','Join us for a comprehensive review of the course material.','2024-07-27 04:25:00','15','10','62','OPT1784'
'87','REES272','Group Study','This session will help you stay on top of the course content.','2024-05-25 05:55:00','30','10','131','AL3436'
'94','AMATH442','Group Study','This session will help you stay on top of the course content.','2024-07-24 22:50:00','30','10','158','AL1063'
'111','ME547','Lecture Recap','Improve your problem-solving skills with this focused session.','2024-06-07 23:25:00','45','10','158','OPT4205'
'113','RS325','Problem Solving Session','Join us for a comprehensive review of the course material.','2024-06-19 23:35:00','15','10','182','PAS2801'
'132','MATH135','Homework Help','Join us for a comprehensive review of the course material.','2024-07-29 03:50:00','30','10','110','MC3302'
'139','RS121','Lecture Recap','Join your peers for a group study session.','2024-05-18 13:20:00','15','10','42','EV14205'
'147','PHYS342','Final Exam Study Session','Improve your problem-solving skills with this focused session.','2024-06-01 17:10:00','45','10','3','STC2622'
'191','SOC428','Group Study','We\'ll work through lab exercises and discuss key points.','2024-06-23 06:40:00','15','10','103','E21428'
'203','ECE484','Lecture Recap','Join us for a comprehensive review of the course material.','2024-06-07 20:25:00','30','10','188','PAS1204'
'228','PLAN442','Lecture Recap','We\'ll work through lab exercises and discuss key points.','2024-07-06 12:05:00','30','10','29','EV32130'
'249','MATBUS371','Midterm Review','Improve your problem-solving skills with this focused session.','2024-07-09 20:30:00','45','10','121','E63852'
'262','PHYS375','Lecture Recap','Improve your problem-solving skills with this focused session.','2024-06-07 18:30:00','15','10','182','CPH4360'
'339','KIN340','Problem Solving Session','Get help with your homework and assignments in this session.','2024-05-16 17:40:00','30','10','140','STC2620'
'340','PSYCH389','Problem Solving Session','We\'ll go over important topics and answer any questions you may have.','2024-07-02 20:30:00','15','10','165','AL4366'
'357','MTHEL300','Course Overview','Improve your problem-solving skills with this focused session.','2024-05-16 01:00:00','45','10','187','DC3244'
'358','PHYS260B','Lecture Recap','Improve your problem-solving skills with this focused session.','2024-07-06 18:00:00','15','10','75','CPH2568'
'373','HIST258','Lecture Recap','This study session will help reinforce your understanding of the lectures.','2024-05-16 06:00:00','15','10','144','PAS2869'
'388','FINE228','Homework Help','Get help with your homework and assignments in this session.','2024-07-04 23:10:00','30','10','151','ML3985'
'397','ENVE225','Review Session','We\'ll go over important topics and answer any questions you may have.','2024-06-08 17:30:00','30','10','66','E52769'
'409','THPERF316','Problem Solving Session','We\'ll go over important topics and answer any questions you may have.','2024-06-04 21:00:00','45','10','56','OPT2230'
'413','HUMSC489','Homework Help','Get help with your homework and assignments in this session.','2024-06-16 17:10:00','45','10','34','E64340'
'421','CO331','Course Overview','This session will cover key concepts and prepare you for the upcoming exams.','2024-06-03 02:40:00','30','10','120','ML3591'
'452','ARCH484','Homework Help','Join your peers for a group study session.','2024-07-02 03:40:00','30','10','200','E12181'
'461','SYDE292','Problem Solving Session','We\'ll work through lab exercises and discuss key points.','2024-05-04 00:20:00','30','10','73','EIT1144'
'475','CHE161','Lecture Recap','Prepare for the midterm/final with this detailed review session.','2024-06-21 18:10:00','30','10','150','OPT3338'
'481','CIVE505','Homework Help','Improve your problem-solving skills with this focused session.','2024-05-15 17:55:00','15','10','104','E13670'
'487','AE121','Review Session','Join your peers for a group study session.','2024-06-24 14:15:00','15','10','74','ML1557'
'497','KIN427','Exam Preparation','We\'ll work through lab exercises and discuss key points.','2024-05-18 03:15:00','15','10','154','SLC1944'
